\BOOKMARK [0][-]{chapter.1}{\376\377\0001\000\040\000\315\000n\000d\000i\000c\000e\000\040\000d\000o\000s\000\040\000C\000o\000m\000p\000o\000n\000e\000n\000t\000e\000s}{}% 1
\BOOKMARK [1][-]{section.1.1}{\376\377\0001\000.\0001\000\040\000L\000i\000s\000t\000a\000\040\000d\000e\000\040\000C\000l\000a\000s\000s\000e\000s}{chapter.1}% 2
\BOOKMARK [0][-]{chapter.2}{\376\377\0002\000\040\000\315\000n\000d\000i\000c\000e\000\040\000d\000o\000s\000\040\000A\000r\000q\000u\000i\000v\000o\000s}{}% 3
\BOOKMARK [1][-]{section.2.1}{\376\377\0002\000.\0001\000\040\000L\000i\000s\000t\000a\000\040\000d\000e\000\040\000A\000r\000q\000u\000i\000v\000o\000s}{chapter.2}% 4
\BOOKMARK [0][-]{chapter.3}{\376\377\0003\000\040\000C\000l\000a\000s\000s\000e\000s}{}% 5
\BOOKMARK [1][-]{section.3.1}{\376\377\0003\000.\0001\000\040\000R\000e\000f\000e\000r\000\352\000n\000c\000i\000a\000\040\000d\000a\000\040\000C\000l\000a\000s\000s\000e\000\040\000J\000a\000c\000o\000b\000i\000a\000n\000a}{chapter.3}% 6
\BOOKMARK [2][-]{subsection.3.1.1}{\376\377\0003\000.\0001\000.\0001\000\040\000D\000e\000s\000c\000r\000i\000\347\000\343\000o\000\040\000d\000e\000t\000a\000l\000h\000a\000d\000a}{section.3.1}% 7
\BOOKMARK [2][-]{subsection.3.1.2}{\376\377\0003\000.\0001\000.\0002\000\040\000C\000o\000n\000s\000t\000r\000u\000t\000o\000r\000e\000s\000\040\000e\000\040\000D\000e\000s\000t\000r\000u\000t\000o\000r\000e\000s}{section.3.1}% 8
\BOOKMARK [3][-]{subsubsection.3.1.2.1}{\376\377\0003\000.\0001\000.\0002\000.\0001\000\040\000J\000a\000c\000o\000b\000i\000a\000n\000a\000\050\000\051}{subsection.3.1.2}% 9
\BOOKMARK [3][-]{subsubsection.3.1.2.2}{\376\377\0003\000.\0001\000.\0002\000.\0002\000\040\000\040\000J\000a\000c\000o\000b\000i\000a\000n\000a\000\050\000\051}{subsection.3.1.2}% 10
\BOOKMARK [2][-]{subsection.3.1.3}{\376\377\0003\000.\0001\000.\0003\000\040\000F\000u\000n\000\347\000\365\000e\000s\000\040\000m\000e\000m\000b\000r\000o\000s}{section.3.1}% 11
\BOOKMARK [3][-]{subsubsection.3.1.3.1}{\376\377\0003\000.\0001\000.\0003\000.\0001\000\040\000a\000v\000a\000l\000i\000a\000r\000\050\000\051}{subsection.3.1.3}% 12
\BOOKMARK [3][-]{subsubsection.3.1.3.2}{\376\377\0003\000.\0001\000.\0003\000.\0002\000\040\000c\000a\000l\000c\000u\000l\000a\000D\000e\000r\000i\000v\000a\000d\000a\000\050\000\051}{subsection.3.1.3}% 13
\BOOKMARK [3][-]{subsubsection.3.1.3.3}{\376\377\0003\000.\0001\000.\0003\000.\0003\000\040\000i\000n\000s\000e\000r\000i\000r\000F\000u\000n\000c\000a\000o\000\050\000\051}{subsection.3.1.3}% 14
\BOOKMARK [3][-]{subsubsection.3.1.3.4}{\376\377\0003\000.\0001\000.\0003\000.\0004\000\040\000s\000e\000t\000H\000\050\000\051}{subsection.3.1.3}% 15
\BOOKMARK [2][-]{subsection.3.1.4}{\376\377\0003\000.\0001\000.\0004\000\040\000A\000t\000r\000i\000b\000u\000t\000o\000s}{section.3.1}% 16
\BOOKMARK [3][-]{subsubsection.3.1.4.1}{\376\377\0003\000.\0001\000.\0004\000.\0001\000\040\000f\000u\000n\000c\000a\000o}{subsection.3.1.4}% 17
\BOOKMARK [3][-]{subsubsection.3.1.4.2}{\376\377\0003\000.\0001\000.\0004\000.\0002\000\040\000h}{subsection.3.1.4}% 18
\BOOKMARK [3][-]{subsubsection.3.1.4.3}{\376\377\0003\000.\0001\000.\0004\000.\0003\000\040\000n\000F\000u\000n\000c\000a\000o}{subsection.3.1.4}% 19
\BOOKMARK [3][-]{subsubsection.3.1.4.4}{\376\377\0003\000.\0001\000.\0004\000.\0004\000\040\000n\000I\000n\000c\000o\000g\000n\000i\000t\000a}{subsection.3.1.4}% 20
\BOOKMARK [1][-]{section.3.2}{\376\377\0003\000.\0002\000\040\000R\000e\000f\000e\000r\000\352\000n\000c\000i\000a\000\040\000d\000a\000\040\000C\000l\000a\000s\000s\000e\000\040\000S\000i\000s\000t\000e\000m\000a\000L\000i\000n\000e\000a\000r}{chapter.3}% 21
\BOOKMARK [2][-]{subsection.3.2.1}{\376\377\0003\000.\0002\000.\0001\000\040\000D\000e\000s\000c\000r\000i\000\347\000\343\000o\000\040\000d\000e\000t\000a\000l\000h\000a\000d\000a}{section.3.2}% 22
\BOOKMARK [2][-]{subsection.3.2.2}{\376\377\0003\000.\0002\000.\0002\000\040\000C\000o\000n\000s\000t\000r\000u\000t\000o\000r\000e\000s\000\040\000e\000\040\000D\000e\000s\000t\000r\000u\000t\000o\000r\000e\000s}{section.3.2}% 23
\BOOKMARK [3][-]{subsubsection.3.2.2.1}{\376\377\0003\000.\0002\000.\0002\000.\0001\000\040\000S\000i\000s\000t\000e\000m\000a\000L\000i\000n\000e\000a\000r\000\050\000\051}{subsection.3.2.2}% 24
\BOOKMARK [3][-]{subsubsection.3.2.2.2}{\376\377\0003\000.\0002\000.\0002\000.\0002\000\040\000\040\000S\000i\000s\000t\000e\000m\000a\000L\000i\000n\000e\000a\000r\000\050\000\051}{subsection.3.2.2}% 25
\BOOKMARK [2][-]{subsection.3.2.3}{\376\377\0003\000.\0002\000.\0003\000\040\000F\000u\000n\000\347\000\365\000e\000s\000\040\000m\000e\000m\000b\000r\000o\000s}{section.3.2}% 26
\BOOKMARK [3][-]{subsubsection.3.2.3.1}{\376\377\0003\000.\0002\000.\0003\000.\0001\000\040\000c\000a\000l\000c\000u\000l\000a\000r\000\050\000\051\000\040\000[\0001\000/\0002\000]}{subsection.3.2.3}% 27
\BOOKMARK [3][-]{subsubsection.3.2.3.2}{\376\377\0003\000.\0002\000.\0003\000.\0002\000\040\000c\000a\000l\000c\000u\000l\000a\000r\000\050\000\051\000\040\000[\0002\000/\0002\000]}{subsection.3.2.3}% 28
\BOOKMARK [3][-]{subsubsection.3.2.3.3}{\376\377\0003\000.\0002\000.\0003\000.\0003\000\040\000e\000r\000r\000o\000\050\000\051}{subsection.3.2.3}% 29
\BOOKMARK [3][-]{subsubsection.3.2.3.4}{\376\377\0003\000.\0002\000.\0003\000.\0004\000\040\000i\000n\000s\000e\000r\000i\000r\000M\000a\000t\000r\000i\000z\000\050\000\051}{subsection.3.2.3}% 30
\BOOKMARK [3][-]{subsubsection.3.2.3.5}{\376\377\0003\000.\0002\000.\0003\000.\0005\000\040\000i\000n\000s\000e\000r\000i\000r\000T\000e\000r\000m\000o\000F\000o\000n\000t\000e\000\050\000\051}{subsection.3.2.3}% 31
\BOOKMARK [3][-]{subsubsection.3.2.3.6}{\376\377\0003\000.\0002\000.\0003\000.\0006\000\040\000i\000t\000e\000r\000a\000r\000\050\000\051}{subsection.3.2.3}% 32
\BOOKMARK [3][-]{subsubsection.3.2.3.7}{\376\377\0003\000.\0002\000.\0003\000.\0007\000\040\000s\000e\000t\000P\000a\000r\000a\000d\000a\000E\000r\000r\000o\000\050\000\051}{subsection.3.2.3}% 33
\BOOKMARK [3][-]{subsubsection.3.2.3.8}{\376\377\0003\000.\0002\000.\0003\000.\0008\000\040\000s\000e\000t\000P\000a\000r\000a\000d\000a\000I\000t\000e\000r\000a\000c\000a\000o\000\050\000\051}{subsection.3.2.3}% 34
\BOOKMARK [2][-]{subsection.3.2.4}{\376\377\0003\000.\0002\000.\0004\000\040\000A\000t\000r\000i\000b\000u\000t\000o\000s}{section.3.2}% 35
\BOOKMARK [3][-]{subsubsection.3.2.4.1}{\376\377\0003\000.\0002\000.\0004\000.\0001\000\040\000b}{subsection.3.2.4}% 36
\BOOKMARK [3][-]{subsubsection.3.2.4.2}{\376\377\0003\000.\0002\000.\0004\000.\0002\000\040\000e\000r\000r\000o\000M\000a\000x\000i\000m\000o}{subsection.3.2.4}% 37
\BOOKMARK [3][-]{subsubsection.3.2.4.3}{\376\377\0003\000.\0002\000.\0004\000.\0003\000\040\000m}{subsection.3.2.4}% 38
\BOOKMARK [3][-]{subsubsection.3.2.4.4}{\376\377\0003\000.\0002\000.\0004\000.\0004\000\040\000n\000E\000q\000u\000a\000c\000a\000o}{subsection.3.2.4}% 39
\BOOKMARK [3][-]{subsubsection.3.2.4.5}{\376\377\0003\000.\0002\000.\0004\000.\0005\000\040\000n\000I\000t\000e\000r\000a\000c\000a\000o}{subsection.3.2.4}% 40
\BOOKMARK [3][-]{subsubsection.3.2.4.6}{\376\377\0003\000.\0002\000.\0004\000.\0006\000\040\000n\000M\000a\000x\000I\000t\000e\000r\000a\000c\000a\000o}{subsection.3.2.4}% 41
\BOOKMARK [3][-]{subsubsection.3.2.4.7}{\376\377\0003\000.\0002\000.\0004\000.\0007\000\040\000x\000A\000n\000t}{subsection.3.2.4}% 42
\BOOKMARK [3][-]{subsubsection.3.2.4.8}{\376\377\0003\000.\0002\000.\0004\000.\0008\000\040\000x\000A\000t\000u\000a\000l}{subsection.3.2.4}% 43
\BOOKMARK [1][-]{section.3.3}{\376\377\0003\000.\0003\000\040\000R\000e\000f\000e\000r\000\352\000n\000c\000i\000a\000\040\000d\000a\000\040\000C\000l\000a\000s\000s\000e\000\040\000S\000i\000s\000t\000e\000m\000a\000N\000a\000o\000L\000i\000n\000e\000a\000r}{chapter.3}% 44
\BOOKMARK [2][-]{subsection.3.3.1}{\376\377\0003\000.\0003\000.\0001\000\040\000D\000e\000s\000c\000r\000i\000\347\000\343\000o\000\040\000d\000e\000t\000a\000l\000h\000a\000d\000a}{section.3.3}% 45
\BOOKMARK [2][-]{subsection.3.3.2}{\376\377\0003\000.\0003\000.\0002\000\040\000C\000o\000n\000s\000t\000r\000u\000t\000o\000r\000e\000s\000\040\000e\000\040\000D\000e\000s\000t\000r\000u\000t\000o\000r\000e\000s}{section.3.3}% 46
\BOOKMARK [3][-]{subsubsection.3.3.2.1}{\376\377\0003\000.\0003\000.\0002\000.\0001\000\040\000S\000i\000s\000t\000e\000m\000a\000N\000a\000o\000L\000i\000n\000e\000a\000r\000\050\000\051}{subsection.3.3.2}% 47
\BOOKMARK [3][-]{subsubsection.3.3.2.2}{\376\377\0003\000.\0003\000.\0002\000.\0002\000\040\000\040\000S\000i\000s\000t\000e\000m\000a\000N\000a\000o\000L\000i\000n\000e\000a\000r\000\050\000\051}{subsection.3.3.2}% 48
\BOOKMARK [2][-]{subsection.3.3.3}{\376\377\0003\000.\0003\000.\0003\000\040\000F\000u\000n\000\347\000\365\000e\000s\000\040\000m\000e\000m\000b\000r\000o\000s}{section.3.3}% 49
\BOOKMARK [3][-]{subsubsection.3.3.3.1}{\376\377\0003\000.\0003\000.\0003\000.\0001\000\040\000a\000t\000u\000a\000l\000i\000z\000a\000J\000a\000c\000o\000b\000i\000a\000n\000a\000\050\000\051}{subsection.3.3.3}% 50
\BOOKMARK [3][-]{subsubsection.3.3.3.2}{\376\377\0003\000.\0003\000.\0003\000.\0002\000\040\000a\000t\000u\000a\000l\000i\000z\000a\000X\000\050\000\051}{subsection.3.3.3}% 51
\BOOKMARK [3][-]{subsubsection.3.3.3.3}{\376\377\0003\000.\0003\000.\0003\000.\0003\000\040\000a\000v\000a\000l\000i\000a\000F\000u\000n\000c\000o\000e\000s\000\050\000\051}{subsection.3.3.3}% 52
\BOOKMARK [3][-]{subsubsection.3.3.3.4}{\376\377\0003\000.\0003\000.\0003\000.\0004\000\040\000c\000a\000l\000c\000u\000l\000a\000r\000\050\000\051}{subsection.3.3.3}% 53
\BOOKMARK [3][-]{subsubsection.3.3.3.5}{\376\377\0003\000.\0003\000.\0003\000.\0005\000\040\000e\000r\000r\000o\000\050\000\051}{subsection.3.3.3}% 54
\BOOKMARK [3][-]{subsubsection.3.3.3.6}{\376\377\0003\000.\0003\000.\0003\000.\0006\000\040\000i\000n\000s\000e\000r\000i\000r\000F\000u\000n\000c\000a\000o\000\050\000\051}{subsection.3.3.3}% 55
\BOOKMARK [3][-]{subsubsection.3.3.3.7}{\376\377\0003\000.\0003\000.\0003\000.\0007\000\040\000i\000t\000e\000r\000a\000r\000\050\000\051}{subsection.3.3.3}% 56
\BOOKMARK [3][-]{subsubsection.3.3.3.8}{\376\377\0003\000.\0003\000.\0003\000.\0008\000\040\000p\000r\000i\000n\000t\000X\000\050\000\051}{subsection.3.3.3}% 57
\BOOKMARK [3][-]{subsubsection.3.3.3.9}{\376\377\0003\000.\0003\000.\0003\000.\0009\000\040\000s\000e\000t\000J\000a\000c\000o\000b\000i\000a\000n\000a\000\050\000\051}{subsection.3.3.3}% 58
\BOOKMARK [3][-]{subsubsection.3.3.3.10}{\376\377\0003\000.\0003\000.\0003\000.\0001\0000\000\040\000s\000e\000t\000L\000i\000n\000e\000a\000r\000\050\000\051}{subsection.3.3.3}% 59
\BOOKMARK [3][-]{subsubsection.3.3.3.11}{\376\377\0003\000.\0003\000.\0003\000.\0001\0001\000\040\000s\000e\000t\000P\000a\000r\000a\000d\000a\000E\000r\000r\000o\000\050\000\051}{subsection.3.3.3}% 60
\BOOKMARK [3][-]{subsubsection.3.3.3.12}{\376\377\0003\000.\0003\000.\0003\000.\0001\0002\000\040\000s\000e\000t\000P\000a\000r\000a\000d\000a\000I\000t\000e\000r\000a\000c\000a\000o\000\050\000\051}{subsection.3.3.3}% 61
\BOOKMARK [3][-]{subsubsection.3.3.3.13}{\376\377\0003\000.\0003\000.\0003\000.\0001\0003\000\040\000s\000e\000t\000P\000r\000i\000n\000t\000\050\000\051}{subsection.3.3.3}% 62
\BOOKMARK [2][-]{subsection.3.3.4}{\376\377\0003\000.\0003\000.\0004\000\040\000A\000t\000r\000i\000b\000u\000t\000o\000s}{section.3.3}% 63
\BOOKMARK [3][-]{subsubsection.3.3.4.1}{\376\377\0003\000.\0003\000.\0004\000.\0001\000\040\000d\000e\000l\000t\000a}{subsection.3.3.4}% 64
\BOOKMARK [3][-]{subsubsection.3.3.4.2}{\376\377\0003\000.\0003\000.\0004\000.\0002\000\040\000e\000r\000r\000o\000M\000a\000x\000i\000m\000o}{subsection.3.3.4}% 65
\BOOKMARK [3][-]{subsubsection.3.3.4.3}{\376\377\0003\000.\0003\000.\0004\000.\0003\000\040\000f\000u\000n\000c\000a\000o}{subsection.3.3.4}% 66
\BOOKMARK [3][-]{subsubsection.3.3.4.4}{\376\377\0003\000.\0003\000.\0004\000.\0004\000\040\000f\000u\000n\000c\000a\000o\000P\000o\000n\000t\000o\000N}{subsection.3.3.4}% 67
\BOOKMARK [3][-]{subsubsection.3.3.4.5}{\376\377\0003\000.\0003\000.\0004\000.\0005\000\040\000j\000a\000c\000o\000b\000i\000a\000n\000a}{subsection.3.3.4}% 68
\BOOKMARK [3][-]{subsubsection.3.3.4.6}{\376\377\0003\000.\0003\000.\0004\000.\0006\000\040\000m\000a\000t\000r\000i\000z\000J\000a\000c\000o\000b\000i\000a\000n\000a}{subsection.3.3.4}% 69
\BOOKMARK [3][-]{subsubsection.3.3.4.7}{\376\377\0003\000.\0003\000.\0004\000.\0007\000\040\000n\000F\000u\000n\000c\000a\000o}{subsection.3.3.4}% 70
\BOOKMARK [3][-]{subsubsection.3.3.4.8}{\376\377\0003\000.\0003\000.\0004\000.\0008\000\040\000n\000I\000n\000c\000o\000g\000n\000i\000t\000a}{subsection.3.3.4}% 71
\BOOKMARK [3][-]{subsubsection.3.3.4.9}{\376\377\0003\000.\0003\000.\0004\000.\0009\000\040\000n\000I\000t\000e\000r\000a\000c\000a\000o}{subsection.3.3.4}% 72
\BOOKMARK [3][-]{subsubsection.3.3.4.10}{\376\377\0003\000.\0003\000.\0004\000.\0001\0000\000\040\000n\000M\000a\000x\000I\000t\000e\000r\000a\000c\000a\000o}{subsection.3.3.4}% 73
\BOOKMARK [3][-]{subsubsection.3.3.4.11}{\376\377\0003\000.\0003\000.\0004\000.\0001\0001\000\040\000p\000r\000i\000n\000t}{subsection.3.3.4}% 74
\BOOKMARK [3][-]{subsubsection.3.3.4.12}{\376\377\0003\000.\0003\000.\0004\000.\0001\0002\000\040\000s\000i\000s\000t\000e\000m\000a\000L\000i\000n\000e\000a\000r}{subsection.3.3.4}% 75
\BOOKMARK [3][-]{subsubsection.3.3.4.13}{\376\377\0003\000.\0003\000.\0004\000.\0001\0003\000\040\000x\000A\000n\000t\000e\000r\000i\000o\000r}{subsection.3.3.4}% 76
\BOOKMARK [3][-]{subsubsection.3.3.4.14}{\376\377\0003\000.\0003\000.\0004\000.\0001\0004\000\040\000x\000A\000t\000u\000a\000l}{subsection.3.3.4}% 77
\BOOKMARK [0][-]{chapter.4}{\376\377\0004\000\040\000A\000r\000q\000u\000i\000v\000o\000s}{}% 78
\BOOKMARK [1][-]{section.4.1}{\376\377\0004\000.\0001\000\040\000R\000e\000f\000e\000r\000\352\000n\000c\000i\000a\000\040\000d\000o\000\040\000A\000r\000q\000u\000i\000v\000o\000\040\000C\000:\000/\000U\000s\000e\000r\000s\000/\000E\000l\000t\000o\000n\000/\000s\000o\000u\000r\000c\000e\000/\000R\000e\000p\000o\000s\000/\000P\000r\000o\000j\000e\000t\000o\000-\000S\000i\000s\000t\000e\000m\000a\000N\000\343\000o\000L\000i\000n\000e\000a\000r\000-\000M\000S\0002\0001\0001\000/\000P\000r\000o\000j\000e\000t\000o\000-\000S\000i\000s\000t\000e\000m\000a\000N\000\343\000o\000L\000i\000n\000e\000a\000r\000-\000M\000S\0002\0001\0001\000/\000j\000a\000c\000o\000b\000i\000a\000n\000a\000.\000c\000p\000p}{chapter.4}% 79
\BOOKMARK [1][-]{section.4.2}{\376\377\0004\000.\0002\000\040\000R\000e\000f\000e\000r\000\352\000n\000c\000i\000a\000\040\000d\000o\000\040\000A\000r\000q\000u\000i\000v\000o\000\040\000C\000:\000/\000U\000s\000e\000r\000s\000/\000E\000l\000t\000o\000n\000/\000s\000o\000u\000r\000c\000e\000/\000R\000e\000p\000o\000s\000/\000P\000r\000o\000j\000e\000t\000o\000-\000S\000i\000s\000t\000e\000m\000a\000N\000\343\000o\000L\000i\000n\000e\000a\000r\000-\000M\000S\0002\0001\0001\000/\000P\000r\000o\000j\000e\000t\000o\000-\000S\000i\000s\000t\000e\000m\000a\000N\000\343\000o\000L\000i\000n\000e\000a\000r\000-\000M\000S\0002\0001\0001\000/\000j\000a\000c\000o\000b\000i\000a\000n\000a\000.\000h}{chapter.4}% 80
\BOOKMARK [2][-]{subsection.4.2.1}{\376\377\0004\000.\0002\000.\0001\000\040\000D\000e\000f\000i\000n\000i\000\347\000\365\000e\000s\000\040\000e\000\040\000m\000a\000c\000r\000o\000s}{section.4.2}% 81
\BOOKMARK [3][-]{subsubsection.4.2.1.1}{\376\377\0004\000.\0002\000.\0001\000.\0001\000\040\000t\000i\000p\000o\000F\000u\000n\000c\000a\000o}{subsection.4.2.1}% 82
\BOOKMARK [2][-]{subsection.4.2.2}{\376\377\0004\000.\0002\000.\0002\000\040\000D\000e\000f\000i\000n\000i\000\347\000\365\000e\000s\000\040\000d\000o\000s\000\040\000t\000i\000p\000o\000s}{section.4.2}% 83
\BOOKMARK [3][-]{subsubsection.4.2.2.1}{\376\377\0004\000.\0002\000.\0002\000.\0001\000\040\000F\000u\000n\000c\000a\000o}{subsection.4.2.2}% 84
\BOOKMARK [1][-]{section.4.3}{\376\377\0004\000.\0003\000\040\000R\000e\000f\000e\000r\000\352\000n\000c\000i\000a\000\040\000d\000o\000\040\000A\000r\000q\000u\000i\000v\000o\000\040\000C\000:\000/\000U\000s\000e\000r\000s\000/\000E\000l\000t\000o\000n\000/\000s\000o\000u\000r\000c\000e\000/\000R\000e\000p\000o\000s\000/\000P\000r\000o\000j\000e\000t\000o\000-\000S\000i\000s\000t\000e\000m\000a\000N\000\343\000o\000L\000i\000n\000e\000a\000r\000-\000M\000S\0002\0001\0001\000/\000P\000r\000o\000j\000e\000t\000o\000-\000S\000i\000s\000t\000e\000m\000a\000N\000\343\000o\000L\000i\000n\000e\000a\000r\000-\000M\000S\0002\0001\0001\000/\000p\000c\000h\000.\000c\000p\000p}{chapter.4}% 85
\BOOKMARK [1][-]{section.4.4}{\376\377\0004\000.\0004\000\040\000R\000e\000f\000e\000r\000\352\000n\000c\000i\000a\000\040\000d\000o\000\040\000A\000r\000q\000u\000i\000v\000o\000\040\000C\000:\000/\000U\000s\000e\000r\000s\000/\000E\000l\000t\000o\000n\000/\000s\000o\000u\000r\000c\000e\000/\000R\000e\000p\000o\000s\000/\000P\000r\000o\000j\000e\000t\000o\000-\000S\000i\000s\000t\000e\000m\000a\000N\000\343\000o\000L\000i\000n\000e\000a\000r\000-\000M\000S\0002\0001\0001\000/\000P\000r\000o\000j\000e\000t\000o\000-\000S\000i\000s\000t\000e\000m\000a\000N\000\343\000o\000L\000i\000n\000e\000a\000r\000-\000M\000S\0002\0001\0001\000/\000p\000c\000h\000.\000h}{chapter.4}% 86
\BOOKMARK [1][-]{section.4.5}{\376\377\0004\000.\0005\000\040\000R\000e\000f\000e\000r\000\352\000n\000c\000i\000a\000\040\000d\000o\000\040\000A\000r\000q\000u\000i\000v\000o\000\040\000C\000:\000/\000U\000s\000e\000r\000s\000/\000E\000l\000t\000o\000n\000/\000s\000o\000u\000r\000c\000e\000/\000R\000e\000p\000o\000s\000/\000P\000r\000o\000j\000e\000t\000o\000-\000S\000i\000s\000t\000e\000m\000a\000N\000\343\000o\000L\000i\000n\000e\000a\000r\000-\000M\000S\0002\0001\0001\000/\000P\000r\000o\000j\000e\000t\000o\000-\000S\000i\000s\000t\000e\000m\000a\000N\000\343\000o\000L\000i\000n\000e\000a\000r\000-\000M\000S\0002\0001\0001\000/\000P\000r\000o\000j\000e\000t\000o\000-\000S\000i\000s\000t\000e\000m\000a\000N\000\343\000o\000L\000i\000n\000e\000a\000r\000-\000M\000S\0002\0001\0001\000.\000c\000p\000p}{chapter.4}% 87
\BOOKMARK [2][-]{subsection.4.5.1}{\376\377\0004\000.\0005\000.\0001\000\040\000F\000u\000n\000\347\000\365\000e\000s}{section.4.5}% 88
\BOOKMARK [3][-]{subsubsection.4.5.1.1}{\376\377\0004\000.\0005\000.\0001\000.\0001\000\040\000f\0001\000\050\000\051}{subsection.4.5.1}% 89
\BOOKMARK [3][-]{subsubsection.4.5.1.2}{\376\377\0004\000.\0005\000.\0001\000.\0002\000\040\000f\0001\000T\000e\000s\000t\000e\000\050\000\051}{subsection.4.5.1}% 90
\BOOKMARK [3][-]{subsubsection.4.5.1.3}{\376\377\0004\000.\0005\000.\0001\000.\0003\000\040\000f\0002\000\050\000\051}{subsection.4.5.1}% 91
\BOOKMARK [3][-]{subsubsection.4.5.1.4}{\376\377\0004\000.\0005\000.\0001\000.\0004\000\040\000f\0002\000T\000e\000s\000t\000e\000\050\000\051}{subsection.4.5.1}% 92
\BOOKMARK [3][-]{subsubsection.4.5.1.5}{\376\377\0004\000.\0005\000.\0001\000.\0005\000\040\000m\000a\000i\000n\000\050\000\051}{subsection.4.5.1}% 93
\BOOKMARK [1][-]{section.4.6}{\376\377\0004\000.\0006\000\040\000R\000e\000f\000e\000r\000\352\000n\000c\000i\000a\000\040\000d\000o\000\040\000A\000r\000q\000u\000i\000v\000o\000\040\000C\000:\000/\000U\000s\000e\000r\000s\000/\000E\000l\000t\000o\000n\000/\000s\000o\000u\000r\000c\000e\000/\000R\000e\000p\000o\000s\000/\000P\000r\000o\000j\000e\000t\000o\000-\000S\000i\000s\000t\000e\000m\000a\000N\000\343\000o\000L\000i\000n\000e\000a\000r\000-\000M\000S\0002\0001\0001\000/\000P\000r\000o\000j\000e\000t\000o\000-\000S\000i\000s\000t\000e\000m\000a\000N\000\343\000o\000L\000i\000n\000e\000a\000r\000-\000M\000S\0002\0001\0001\000/\000s\000i\000s\000t\000e\000m\000a\000L\000i\000n\000e\000a\000r\000.\000c\000p\000p}{chapter.4}% 94
\BOOKMARK [1][-]{section.4.7}{\376\377\0004\000.\0007\000\040\000R\000e\000f\000e\000r\000\352\000n\000c\000i\000a\000\040\000d\000o\000\040\000A\000r\000q\000u\000i\000v\000o\000\040\000C\000:\000/\000U\000s\000e\000r\000s\000/\000E\000l\000t\000o\000n\000/\000s\000o\000u\000r\000c\000e\000/\000R\000e\000p\000o\000s\000/\000P\000r\000o\000j\000e\000t\000o\000-\000S\000i\000s\000t\000e\000m\000a\000N\000\343\000o\000L\000i\000n\000e\000a\000r\000-\000M\000S\0002\0001\0001\000/\000P\000r\000o\000j\000e\000t\000o\000-\000S\000i\000s\000t\000e\000m\000a\000N\000\343\000o\000L\000i\000n\000e\000a\000r\000-\000M\000S\0002\0001\0001\000/\000s\000i\000s\000t\000e\000m\000a\000L\000i\000n\000e\000a\000r\000.\000h}{chapter.4}% 95
\BOOKMARK [1][-]{section.4.8}{\376\377\0004\000.\0008\000\040\000R\000e\000f\000e\000r\000\352\000n\000c\000i\000a\000\040\000d\000o\000\040\000A\000r\000q\000u\000i\000v\000o\000\040\000C\000:\000/\000U\000s\000e\000r\000s\000/\000E\000l\000t\000o\000n\000/\000s\000o\000u\000r\000c\000e\000/\000R\000e\000p\000o\000s\000/\000P\000r\000o\000j\000e\000t\000o\000-\000S\000i\000s\000t\000e\000m\000a\000N\000\343\000o\000L\000i\000n\000e\000a\000r\000-\000M\000S\0002\0001\0001\000/\000P\000r\000o\000j\000e\000t\000o\000-\000S\000i\000s\000t\000e\000m\000a\000N\000\343\000o\000L\000i\000n\000e\000a\000r\000-\000M\000S\0002\0001\0001\000/\000s\000i\000s\000t\000e\000m\000a\000N\000a\000o\000L\000i\000n\000e\000a\000r\000.\000c\000p\000p}{chapter.4}% 96
\BOOKMARK [1][-]{section.4.9}{\376\377\0004\000.\0009\000\040\000R\000e\000f\000e\000r\000\352\000n\000c\000i\000a\000\040\000d\000o\000\040\000A\000r\000q\000u\000i\000v\000o\000\040\000C\000:\000/\000U\000s\000e\000r\000s\000/\000E\000l\000t\000o\000n\000/\000s\000o\000u\000r\000c\000e\000/\000R\000e\000p\000o\000s\000/\000P\000r\000o\000j\000e\000t\000o\000-\000S\000i\000s\000t\000e\000m\000a\000N\000\343\000o\000L\000i\000n\000e\000a\000r\000-\000M\000S\0002\0001\0001\000/\000P\000r\000o\000j\000e\000t\000o\000-\000S\000i\000s\000t\000e\000m\000a\000N\000\343\000o\000L\000i\000n\000e\000a\000r\000-\000M\000S\0002\0001\0001\000/\000s\000i\000s\000t\000e\000m\000a\000N\000a\000o\000L\000i\000n\000e\000a\000r\000.\000h}{chapter.4}% 97
\BOOKMARK [1][-]{section.4.10}{\376\377\0004\000.\0001\0000\000\040\000R\000e\000f\000e\000r\000\352\000n\000c\000i\000a\000\040\000d\000o\000\040\000A\000r\000q\000u\000i\000v\000o\000\040\000C\000:\000/\000U\000s\000e\000r\000s\000/\000E\000l\000t\000o\000n\000/\000s\000o\000u\000r\000c\000e\000/\000R\000e\000p\000o\000s\000/\000P\000r\000o\000j\000e\000t\000o\000-\000S\000i\000s\000t\000e\000m\000a\000N\000\343\000o\000L\000i\000n\000e\000a\000r\000-\000M\000S\0002\0001\0001\000/\000P\000r\000o\000j\000e\000t\000o\000-\000S\000i\000s\000t\000e\000m\000a\000N\000\343\000o\000L\000i\000n\000e\000a\000r\000-\000M\000S\0002\0001\0001\000/\000t\000e\000s\000t\000e\000s\000.\000c\000p\000p}{chapter.4}% 98
\BOOKMARK [0][-]{section*.16}{\376\377\000\315\000n\000d\000i\000c\000e\000\040\000R\000e\000m\000i\000s\000s\000i\000v\000o}{}% 99
